2025-05-13 08:30:16.180 +02:00 [INF] Loaded 126 Werkzeuge from Excel.
2025-05-13 08:30:16.490 +02:00 [INF] Cleared existing Werkzeuge and Tools data.
2025-05-13 08:30:16.492 +02:00 [INF] Adding 126 Werkzeuge to the database.
2025-05-13 08:30:16.605 +02:00 [ERR] Failed to import and seed from Excel.
System.InvalidOperationException: The instance of entity type 'WerkzeugDto' cannot be tracked because another instance with the key value '{WerkzeugId: nein}' is already being tracked. When attaching existing entities, ensure that only one entity instance with a given key value is attached.
   at Microsoft.EntityFrameworkCore.ChangeTracking.Internal.IdentityMap`1.ThrowIdentityConflict(InternalEntityEntry entry)
   at Microsoft.EntityFrameworkCore.ChangeTracking.Internal.IdentityMap`1.Add(TKey key, InternalEntityEntry entry, Boolean updateDuplicate)
   at Microsoft.EntityFrameworkCore.ChangeTracking.Internal.IdentityMap`1.Add(TKey key, InternalEntityEntry entry)
   at Microsoft.EntityFrameworkCore.ChangeTracking.Internal.NullableKeyIdentityMap`1.Add(InternalEntityEntry entry)
   at Microsoft.EntityFrameworkCore.ChangeTracking.Internal.StateManager.StartTracking(InternalEntityEntry entry)
   at Microsoft.EntityFrameworkCore.ChangeTracking.Internal.InternalEntityEntry.SetEntityState(EntityState oldState, EntityState newState, Boolean acceptChanges, Boolean modifyProperties)
   at Microsoft.EntityFrameworkCore.ChangeTracking.Internal.InternalEntityEntry.SetEntityState(EntityState entityState, Boolean acceptChanges, Boolean modifyProperties, Nullable`1 forceStateWhenUnknownKey, Nullable`1 fallbackState)
   at Microsoft.EntityFrameworkCore.ChangeTracking.Internal.EntityGraphAttacher.PaintAction(EntityEntryGraphNode`1 node)
   at Microsoft.EntityFrameworkCore.ChangeTracking.Internal.EntityEntryGraphIterator.TraverseGraph[TState](EntityEntryGraphNode`1 node, Func`2 handleNode)
   at Microsoft.EntityFrameworkCore.ChangeTracking.Internal.EntityGraphAttacher.AttachGraph(InternalEntityEntry rootEntry, EntityState targetState, EntityState storeGeneratedWithKeySetTargetState, Boolean forceStateWhenUnknownKey)
   at Microsoft.EntityFrameworkCore.Internal.InternalDbSet`1.SetEntityState(InternalEntityEntry entry, EntityState entityState)
   at Microsoft.EntityFrameworkCore.Internal.InternalDbSet`1.SetEntityStates(IEnumerable`1 entities, EntityState entityState)
   at Microsoft.EntityFrameworkCore.Internal.InternalDbSet`1.AddRange(IEnumerable`1 entities)
   at WerkzeugMobil.Services.DataSeeder.SeedWerkzeugeFromExcel() in C:\Users\vicky\OneDrive\Dokumente\GitHub\WerkzeugMobil\WerkzeugMobil\Services\DataSeeder.cs:line 123
2025-05-13 08:30:16.703 +02:00 [ERR] DataSeeder failed
2025-05-13 08:48:15.962 +02:00 [INF] Loaded 126 Werkzeuge from Excel.
2025-05-13 08:48:16.193 +02:00 [INF] Cleared existing Werkzeuge and Tools data.
2025-05-13 08:48:16.197 +02:00 [INF] Adding 25 Werkzeuge to the database.
2025-05-13 08:48:16.291 +02:00 [INF] Adding 0 Tools to the database.
2025-05-13 08:48:16.546 +02:00 [INF] Werkzeuge and Tools seeded successfully.
2025-05-13 09:09:52.814 +02:00 [INF] Loaded 126 Werkzeuge from Excel.
2025-05-13 09:09:53.225 +02:00 [INF] Cleared existing Werkzeuge and Tools data.
2025-05-13 09:09:53.229 +02:00 [INF] Adding 25 Werkzeuge to the database.
2025-05-13 09:09:53.240 +02:00 [INF] Adding 0 Tools to the database.
2025-05-13 09:09:53.297 +02:00 [INF] Werkzeuge and Tools seeded successfully.
2025-05-13 09:18:11.006 +02:00 [INF] Loaded 126 Werkzeuge from Excel.
2025-05-13 09:18:11.323 +02:00 [INF] Cleared existing Werkzeuge and Tools data.
2025-05-13 09:18:11.326 +02:00 [INF] Adding 25 Werkzeuge to the database.
2025-05-13 09:18:11.343 +02:00 [INF] Adding 0 Tools to the database.
2025-05-13 09:18:11.607 +02:00 [INF] Werkzeuge and Tools seeded successfully.
2025-05-13 09:20:40.714 +02:00 [INF] Loaded 126 Werkzeuge from Excel.
2025-05-13 09:20:41.005 +02:00 [INF] Cleared existing Werkzeuge and Tools data.
2025-05-13 09:20:41.008 +02:00 [INF] Adding 25 Werkzeuge to the database.
2025-05-13 09:20:41.021 +02:00 [INF] Adding 0 Tools to the database.
2025-05-13 09:20:41.097 +02:00 [INF] Werkzeuge and Tools seeded successfully.
2025-05-13 09:27:37.081 +02:00 [INF] Loaded 126 Werkzeuge from Excel.
2025-05-13 09:27:37.460 +02:00 [INF] Cleared existing Werkzeuge and Tools data.
2025-05-13 09:27:37.469 +02:00 [INF] Adding 25 Werkzeuge to the database.
2025-05-13 09:27:37.486 +02:00 [INF] Adding 0 Tools to the database.
2025-05-13 09:27:37.566 +02:00 [INF] Werkzeuge and Tools seeded successfully.
2025-05-13 09:36:33.492 +02:00 [ERR] Failed to import and seed from Excel.
OfficeOpenXml.LicenseContextPropertyObsoleteException: Please use the static 'ExcelPackage.License' property to set the required license information from EPPlus 8 and later versions. For more info see http://epplussoftware.com/developers/licensenotsetexception.
   at OfficeOpenXml.ExcelPackage.set_LicenseContext(Nullable`1 value)
   at ExcelImporterHelpers.Import(String filePath) in C:\Users\vicky\OneDrive\Dokumente\GitHub\WerkzeugMobil\WerkzeugMobil\Helpers\ExcelImporterHelpers.cs:line 12
   at WerkzeugMobil.Services.DataSeeder.SeedWerkzeugeFromExcel() in C:\Users\vicky\OneDrive\Dokumente\GitHub\WerkzeugMobil\WerkzeugMobil\Services\DataSeeder.cs:line 85
2025-05-13 09:36:34.216 +02:00 [ERR] DataSeeder failed
2025-05-13 09:37:36.096 +02:00 [ERR] Failed to import and seed from Excel.
OfficeOpenXml.LicenseContextPropertyObsoleteException: Please use the static 'ExcelPackage.License' property to set the required license information from EPPlus 8 and later versions. For more info see http://epplussoftware.com/developers/licensenotsetexception.
   at OfficeOpenXml.ExcelPackage.set_LicenseContext(Nullable`1 value)
   at ExcelImporterHelpers.Import(String filePath) in C:\Users\vicky\OneDrive\Dokumente\GitHub\WerkzeugMobil\WerkzeugMobil\Helpers\ExcelImporterHelpers.cs:line 12
   at WerkzeugMobil.Services.DataSeeder.SeedWerkzeugeFromExcel() in C:\Users\vicky\OneDrive\Dokumente\GitHub\WerkzeugMobil\WerkzeugMobil\Services\DataSeeder.cs:line 85
2025-05-13 09:37:36.651 +02:00 [ERR] DataSeeder failed
2025-05-13 09:39:33.252 +02:00 [INF] Loaded 126 Werkzeuge from Excel.
2025-05-13 09:39:33.509 +02:00 [INF] Cleared existing Werkzeuge and Tools data.
2025-05-13 09:39:33.512 +02:00 [INF] Adding 25 Werkzeuge to the database.
2025-05-13 09:39:33.523 +02:00 [INF] Adding 0 Tools to the database.
2025-05-13 09:39:33.577 +02:00 [INF] Werkzeuge and Tools seeded successfully.
2025-05-13 10:30:39.389 +02:00 [ERR] Failed to import and seed from Excel.
OfficeOpenXml.LicenseContextPropertyObsoleteException: Please use the static 'ExcelPackage.License' property to set the required license information from EPPlus 8 and later versions. For more info see http://epplussoftware.com/developers/licensenotsetexception.
   at OfficeOpenXml.ExcelPackage.set_LicenseContext(Nullable`1 value)
   at ExcelImporterHelpers.Import(String filePath) in C:\Users\vicky\OneDrive\Dokumente\GitHub\WerkzeugMobil\WerkzeugMobil\Helpers\ExcelImporterHelpers.cs:line 12
   at WerkzeugMobil.Services.DataSeeder.SeedWerkzeugeFromExcel() in C:\Users\vicky\OneDrive\Dokumente\GitHub\WerkzeugMobil\WerkzeugMobil\Services\DataSeeder.cs:line 85
2025-05-13 10:30:39.591 +02:00 [ERR] DataSeeder failed
2025-05-13 10:31:17.469 +02:00 [INF] Loaded 54 Werkzeuge from Excel.
2025-05-13 10:31:18.994 +02:00 [INF] Cleared existing Werkzeuge and Tools data.
2025-05-13 10:31:19.007 +02:00 [INF] Adding 53 Werkzeuge to the database.
2025-05-13 10:31:19.040 +02:00 [INF] Adding 0 Tools to the database.
2025-05-13 10:31:19.584 +02:00 [ERR] Failed to import and seed from Excel.
Microsoft.EntityFrameworkCore.DbUpdateException: An error occurred while saving the entity changes. See the inner exception for details.
 ---> Microsoft.Data.Sqlite.SqliteException (0x80004005): SQLite Error 19: 'FOREIGN KEY constraint failed'.
   at Microsoft.Data.Sqlite.SqliteException.ThrowExceptionForRC(Int32 rc, sqlite3 db)
   at Microsoft.Data.Sqlite.SqliteDataReader.NextResult()
   at Microsoft.Data.Sqlite.SqliteCommand.ExecuteReader(CommandBehavior behavior)
   at Microsoft.Data.Sqlite.SqliteCommand.ExecuteDbDataReader(CommandBehavior behavior)
   at Microsoft.EntityFrameworkCore.Storage.RelationalCommand.ExecuteReader(RelationalCommandParameterObject parameterObject)
   at Microsoft.EntityFrameworkCore.Update.ReaderModificationCommandBatch.Execute(IRelationalConnection connection)
   --- End of inner exception stack trace ---
   at Microsoft.EntityFrameworkCore.Update.ReaderModificationCommandBatch.Execute(IRelationalConnection connection)
   at Microsoft.EntityFrameworkCore.Update.Internal.BatchExecutor.Execute(IEnumerable`1 commandBatches, IRelationalConnection connection)
   at Microsoft.EntityFrameworkCore.Storage.RelationalDatabase.SaveChanges(IList`1 entries)
   at Microsoft.EntityFrameworkCore.ChangeTracking.Internal.StateManager.SaveChanges(IList`1 entriesToSave)
   at Microsoft.EntityFrameworkCore.ChangeTracking.Internal.StateManager.SaveChanges(StateManager stateManager, Boolean acceptAllChangesOnSuccess)
   at Microsoft.EntityFrameworkCore.ChangeTracking.Internal.StateManager.<>c.<SaveChanges>b__112_0(DbContext _, ValueTuple`2 t)
   at Microsoft.EntityFrameworkCore.Storage.NonRetryingExecutionStrategy.Execute[TState,TResult](TState state, Func`3 operation, Func`3 verifySucceeded)
   at Microsoft.EntityFrameworkCore.ChangeTracking.Internal.StateManager.SaveChanges(Boolean acceptAllChangesOnSuccess)
   at Microsoft.EntityFrameworkCore.DbContext.SaveChanges(Boolean acceptAllChangesOnSuccess)
   at Microsoft.EntityFrameworkCore.DbContext.SaveChanges()
   at WerkzeugMobil.Services.DataSeeder.SeedWerkzeugeFromExcel() in C:\Users\vicky\OneDrive\Dokumente\GitHub\WerkzeugMobil\WerkzeugMobil\Services\DataSeeder.cs:line 159
2025-05-13 10:31:19.754 +02:00 [ERR] DataSeeder failed
2025-05-13 10:41:07.931 +02:00 [INF] Loaded 54 Werkzeuge from Excel.
2025-05-13 10:41:08.071 +02:00 [INF] Cleared existing Werkzeuge and Tools data.
2025-05-13 10:41:08.075 +02:00 [INF] Adding 53 Werkzeuge to the database.
2025-05-13 10:41:08.437 +02:00 [INF] Adding 0 Tools to the database.
2025-05-13 10:41:08.480 +02:00 [ERR] Failed to import and seed from Excel.
Microsoft.EntityFrameworkCore.DbUpdateException: An error occurred while saving the entity changes. See the inner exception for details.
 ---> Microsoft.Data.Sqlite.SqliteException (0x80004005): SQLite Error 19: 'FOREIGN KEY constraint failed'.
   at Microsoft.Data.Sqlite.SqliteException.ThrowExceptionForRC(Int32 rc, sqlite3 db)
   at Microsoft.Data.Sqlite.SqliteDataReader.NextResult()
   at Microsoft.Data.Sqlite.SqliteCommand.ExecuteReader(CommandBehavior behavior)
   at Microsoft.Data.Sqlite.SqliteCommand.ExecuteDbDataReader(CommandBehavior behavior)
   at Microsoft.EntityFrameworkCore.Storage.RelationalCommand.ExecuteReader(RelationalCommandParameterObject parameterObject)
   at Microsoft.EntityFrameworkCore.Update.ReaderModificationCommandBatch.Execute(IRelationalConnection connection)
   --- End of inner exception stack trace ---
   at Microsoft.EntityFrameworkCore.Update.ReaderModificationCommandBatch.Execute(IRelationalConnection connection)
   at Microsoft.EntityFrameworkCore.Update.Internal.BatchExecutor.Execute(IEnumerable`1 commandBatches, IRelationalConnection connection)
   at Microsoft.EntityFrameworkCore.Storage.RelationalDatabase.SaveChanges(IList`1 entries)
   at Microsoft.EntityFrameworkCore.ChangeTracking.Internal.StateManager.SaveChanges(IList`1 entriesToSave)
   at Microsoft.EntityFrameworkCore.ChangeTracking.Internal.StateManager.SaveChanges(StateManager stateManager, Boolean acceptAllChangesOnSuccess)
   at Microsoft.EntityFrameworkCore.ChangeTracking.Internal.StateManager.<>c.<SaveChanges>b__112_0(DbContext _, ValueTuple`2 t)
   at Microsoft.EntityFrameworkCore.Storage.NonRetryingExecutionStrategy.Execute[TState,TResult](TState state, Func`3 operation, Func`3 verifySucceeded)
   at Microsoft.EntityFrameworkCore.ChangeTracking.Internal.StateManager.SaveChanges(Boolean acceptAllChangesOnSuccess)
   at Microsoft.EntityFrameworkCore.DbContext.SaveChanges(Boolean acceptAllChangesOnSuccess)
   at Microsoft.EntityFrameworkCore.DbContext.SaveChanges()
   at WerkzeugMobil.Services.DataSeeder.SeedWerkzeugeFromExcel() in C:\Users\vicky\OneDrive\Dokumente\GitHub\WerkzeugMobil\WerkzeugMobil\Services\DataSeeder.cs:line 191
2025-05-13 10:41:08.509 +02:00 [ERR] DataSeeder failed
2025-05-13 14:13:13.232 +02:00 [ERR] DataSeeder failed
2025-05-13 14:14:13.435 +02:00 [ERR] DataSeeder failed
2025-05-13 17:45:11.615 +02:00 [ERR] DataSeeder failed
2025-05-13 17:48:46.314 +02:00 [ERR] DataSeeder failed
2025-05-13 17:52:32.710 +02:00 [ERR] DataSeeder failed
2025-05-13 17:53:03.006 +02:00 [ERR] DataSeeder failed
2025-05-13 17:54:07.499 +02:00 [ERR] DataSeeder failed
2025-05-13 17:54:25.815 +02:00 [ERR] DataSeeder failed
2025-05-13 17:54:43.768 +02:00 [ERR] DataSeeder failed
2025-05-13 17:55:32.657 +02:00 [ERR] DataSeeder failed
2025-05-13 18:15:38.678 +02:00 [ERR] An error occurred while saving Werkzeuge and Tools.
Microsoft.EntityFrameworkCore.DbUpdateException: An error occurred while saving the entity changes. See the inner exception for details.
 ---> Microsoft.Data.Sqlite.SqliteException (0x80004005): SQLite Error 19: 'FOREIGN KEY constraint failed'.
   at Microsoft.Data.Sqlite.SqliteException.ThrowExceptionForRC(Int32 rc, sqlite3 db)
   at Microsoft.Data.Sqlite.SqliteDataReader.NextResult()
   at Microsoft.Data.Sqlite.SqliteCommand.ExecuteReader(CommandBehavior behavior)
   at Microsoft.Data.Sqlite.SqliteCommand.ExecuteDbDataReader(CommandBehavior behavior)
   at Microsoft.EntityFrameworkCore.Storage.RelationalCommand.ExecuteReader(RelationalCommandParameterObject parameterObject)
   at Microsoft.EntityFrameworkCore.Update.ReaderModificationCommandBatch.Execute(IRelationalConnection connection)
   --- End of inner exception stack trace ---
   at Microsoft.EntityFrameworkCore.Update.ReaderModificationCommandBatch.Execute(IRelationalConnection connection)
   at Microsoft.EntityFrameworkCore.Update.Internal.BatchExecutor.Execute(IEnumerable`1 commandBatches, IRelationalConnection connection)
   at Microsoft.EntityFrameworkCore.Storage.RelationalDatabase.SaveChanges(IList`1 entries)
   at Microsoft.EntityFrameworkCore.ChangeTracking.Internal.StateManager.SaveChanges(IList`1 entriesToSave)
   at Microsoft.EntityFrameworkCore.ChangeTracking.Internal.StateManager.SaveChanges(StateManager stateManager, Boolean acceptAllChangesOnSuccess)
   at Microsoft.EntityFrameworkCore.ChangeTracking.Internal.StateManager.<>c.<SaveChanges>b__112_0(DbContext _, ValueTuple`2 t)
   at Microsoft.EntityFrameworkCore.Storage.NonRetryingExecutionStrategy.Execute[TState,TResult](TState state, Func`3 operation, Func`3 verifySucceeded)
   at Microsoft.EntityFrameworkCore.ChangeTracking.Internal.StateManager.SaveChanges(Boolean acceptAllChangesOnSuccess)
   at Microsoft.EntityFrameworkCore.DbContext.SaveChanges(Boolean acceptAllChangesOnSuccess)
   at Microsoft.EntityFrameworkCore.DbContext.SaveChanges()
   at WerkzeugMobil.Services.WerkzeugSeeder.SeedWerkzeugeAndTools() in C:\Users\vicky\OneDrive\Dokumente\GitHub\WerkzeugMobil\WerkzeugMobil\Services\WerkzeugSeeder.cs:line 648
2025-05-13 18:19:59.781 +02:00 [ERR] An error occurred while saving Werkzeuge and Tools.
Microsoft.EntityFrameworkCore.DbUpdateException: An error occurred while saving the entity changes. See the inner exception for details.
 ---> Microsoft.Data.Sqlite.SqliteException (0x80004005): SQLite Error 19: 'FOREIGN KEY constraint failed'.
   at Microsoft.Data.Sqlite.SqliteException.ThrowExceptionForRC(Int32 rc, sqlite3 db)
   at Microsoft.Data.Sqlite.SqliteDataReader.NextResult()
   at Microsoft.Data.Sqlite.SqliteCommand.ExecuteReader(CommandBehavior behavior)
   at Microsoft.Data.Sqlite.SqliteCommand.ExecuteDbDataReader(CommandBehavior behavior)
   at Microsoft.EntityFrameworkCore.Storage.RelationalCommand.ExecuteReader(RelationalCommandParameterObject parameterObject)
   at Microsoft.EntityFrameworkCore.Update.ReaderModificationCommandBatch.Execute(IRelationalConnection connection)
   --- End of inner exception stack trace ---
   at Microsoft.EntityFrameworkCore.Update.ReaderModificationCommandBatch.Execute(IRelationalConnection connection)
   at Microsoft.EntityFrameworkCore.Update.Internal.BatchExecutor.Execute(IEnumerable`1 commandBatches, IRelationalConnection connection)
   at Microsoft.EntityFrameworkCore.Storage.RelationalDatabase.SaveChanges(IList`1 entries)
   at Microsoft.EntityFrameworkCore.ChangeTracking.Internal.StateManager.SaveChanges(IList`1 entriesToSave)
   at Microsoft.EntityFrameworkCore.ChangeTracking.Internal.StateManager.SaveChanges(StateManager stateManager, Boolean acceptAllChangesOnSuccess)
   at Microsoft.EntityFrameworkCore.ChangeTracking.Internal.StateManager.<>c.<SaveChanges>b__112_0(DbContext _, ValueTuple`2 t)
   at Microsoft.EntityFrameworkCore.Storage.NonRetryingExecutionStrategy.Execute[TState,TResult](TState state, Func`3 operation, Func`3 verifySucceeded)
   at Microsoft.EntityFrameworkCore.ChangeTracking.Internal.StateManager.SaveChanges(Boolean acceptAllChangesOnSuccess)
   at Microsoft.EntityFrameworkCore.DbContext.SaveChanges(Boolean acceptAllChangesOnSuccess)
   at Microsoft.EntityFrameworkCore.DbContext.SaveChanges()
   at WerkzeugMobil.Services.WerkzeugSeeder.SeedWerkzeugeAndTools() in C:\Users\vicky\OneDrive\Dokumente\GitHub\WerkzeugMobil\WerkzeugMobil\Services\WerkzeugSeeder.cs:line 648
2025-05-13 18:27:18.571 +02:00 [ERR] An error occurred while saving Werkzeuge and Tools.
Microsoft.EntityFrameworkCore.DbUpdateException: An error occurred while saving the entity changes. See the inner exception for details.
 ---> Microsoft.Data.Sqlite.SqliteException (0x80004005): SQLite Error 19: 'FOREIGN KEY constraint failed'.
   at Microsoft.Data.Sqlite.SqliteException.ThrowExceptionForRC(Int32 rc, sqlite3 db)
   at Microsoft.Data.Sqlite.SqliteDataReader.NextResult()
   at Microsoft.Data.Sqlite.SqliteCommand.ExecuteReader(CommandBehavior behavior)
   at Microsoft.Data.Sqlite.SqliteCommand.ExecuteDbDataReader(CommandBehavior behavior)
   at Microsoft.EntityFrameworkCore.Storage.RelationalCommand.ExecuteReader(RelationalCommandParameterObject parameterObject)
   at Microsoft.EntityFrameworkCore.Update.ReaderModificationCommandBatch.Execute(IRelationalConnection connection)
   --- End of inner exception stack trace ---
   at Microsoft.EntityFrameworkCore.Update.ReaderModificationCommandBatch.Execute(IRelationalConnection connection)
   at Microsoft.EntityFrameworkCore.Update.Internal.BatchExecutor.Execute(IEnumerable`1 commandBatches, IRelationalConnection connection)
   at Microsoft.EntityFrameworkCore.Storage.RelationalDatabase.SaveChanges(IList`1 entries)
   at Microsoft.EntityFrameworkCore.ChangeTracking.Internal.StateManager.SaveChanges(IList`1 entriesToSave)
   at Microsoft.EntityFrameworkCore.ChangeTracking.Internal.StateManager.SaveChanges(StateManager stateManager, Boolean acceptAllChangesOnSuccess)
   at Microsoft.EntityFrameworkCore.ChangeTracking.Internal.StateManager.<>c.<SaveChanges>b__112_0(DbContext _, ValueTuple`2 t)
   at Microsoft.EntityFrameworkCore.Storage.NonRetryingExecutionStrategy.Execute[TState,TResult](TState state, Func`3 operation, Func`3 verifySucceeded)
   at Microsoft.EntityFrameworkCore.ChangeTracking.Internal.StateManager.SaveChanges(Boolean acceptAllChangesOnSuccess)
   at Microsoft.EntityFrameworkCore.DbContext.SaveChanges(Boolean acceptAllChangesOnSuccess)
   at Microsoft.EntityFrameworkCore.DbContext.SaveChanges()
   at WerkzeugMobil.Services.WerkzeugSeeder.SeedWerkzeugeAndTools() in C:\Users\vicky\OneDrive\Dokumente\GitHub\WerkzeugMobil\WerkzeugMobil\Services\WerkzeugSeeder.cs:line 648
2025-05-13 18:27:51.726 +02:00 [ERR] An error occurred while saving Werkzeuge and Tools.
Microsoft.EntityFrameworkCore.DbUpdateException: An error occurred while saving the entity changes. See the inner exception for details.
 ---> Microsoft.Data.Sqlite.SqliteException (0x80004005): SQLite Error 19: 'FOREIGN KEY constraint failed'.
   at Microsoft.Data.Sqlite.SqliteException.ThrowExceptionForRC(Int32 rc, sqlite3 db)
   at Microsoft.Data.Sqlite.SqliteDataReader.NextResult()
   at Microsoft.Data.Sqlite.SqliteCommand.ExecuteReader(CommandBehavior behavior)
   at Microsoft.Data.Sqlite.SqliteCommand.ExecuteDbDataReader(CommandBehavior behavior)
   at Microsoft.EntityFrameworkCore.Storage.RelationalCommand.ExecuteReader(RelationalCommandParameterObject parameterObject)
   at Microsoft.EntityFrameworkCore.Update.ReaderModificationCommandBatch.Execute(IRelationalConnection connection)
   --- End of inner exception stack trace ---
   at Microsoft.EntityFrameworkCore.Update.ReaderModificationCommandBatch.Execute(IRelationalConnection connection)
   at Microsoft.EntityFrameworkCore.Update.Internal.BatchExecutor.Execute(IEnumerable`1 commandBatches, IRelationalConnection connection)
   at Microsoft.EntityFrameworkCore.Storage.RelationalDatabase.SaveChanges(IList`1 entries)
   at Microsoft.EntityFrameworkCore.ChangeTracking.Internal.StateManager.SaveChanges(IList`1 entriesToSave)
   at Microsoft.EntityFrameworkCore.ChangeTracking.Internal.StateManager.SaveChanges(StateManager stateManager, Boolean acceptAllChangesOnSuccess)
   at Microsoft.EntityFrameworkCore.ChangeTracking.Internal.StateManager.<>c.<SaveChanges>b__112_0(DbContext _, ValueTuple`2 t)
   at Microsoft.EntityFrameworkCore.Storage.NonRetryingExecutionStrategy.Execute[TState,TResult](TState state, Func`3 operation, Func`3 verifySucceeded)
   at Microsoft.EntityFrameworkCore.ChangeTracking.Internal.StateManager.SaveChanges(Boolean acceptAllChangesOnSuccess)
   at Microsoft.EntityFrameworkCore.DbContext.SaveChanges(Boolean acceptAllChangesOnSuccess)
   at Microsoft.EntityFrameworkCore.DbContext.SaveChanges()
   at WerkzeugMobil.Services.WerkzeugSeeder.SeedWerkzeugeAndTools() in C:\Users\vicky\OneDrive\Dokumente\GitHub\WerkzeugMobil\WerkzeugMobil\Services\WerkzeugSeeder.cs:line 648
2025-05-13 18:56:44.096 +02:00 [ERR] An error occurred while saving Werkzeuge and Tools.
Microsoft.EntityFrameworkCore.DbUpdateException: An error occurred while saving the entity changes. See the inner exception for details.
 ---> Microsoft.Data.Sqlite.SqliteException (0x80004005): SQLite Error 19: 'FOREIGN KEY constraint failed'.
   at Microsoft.Data.Sqlite.SqliteException.ThrowExceptionForRC(Int32 rc, sqlite3 db)
   at Microsoft.Data.Sqlite.SqliteDataReader.NextResult()
   at Microsoft.Data.Sqlite.SqliteCommand.ExecuteReader(CommandBehavior behavior)
   at Microsoft.Data.Sqlite.SqliteCommand.ExecuteDbDataReader(CommandBehavior behavior)
   at Microsoft.EntityFrameworkCore.Storage.RelationalCommand.ExecuteReader(RelationalCommandParameterObject parameterObject)
   at Microsoft.EntityFrameworkCore.Update.ReaderModificationCommandBatch.Execute(IRelationalConnection connection)
   --- End of inner exception stack trace ---
   at Microsoft.EntityFrameworkCore.Update.ReaderModificationCommandBatch.Execute(IRelationalConnection connection)
   at Microsoft.EntityFrameworkCore.Update.Internal.BatchExecutor.Execute(IEnumerable`1 commandBatches, IRelationalConnection connection)
   at Microsoft.EntityFrameworkCore.Storage.RelationalDatabase.SaveChanges(IList`1 entries)
   at Microsoft.EntityFrameworkCore.ChangeTracking.Internal.StateManager.SaveChanges(IList`1 entriesToSave)
   at Microsoft.EntityFrameworkCore.ChangeTracking.Internal.StateManager.SaveChanges(StateManager stateManager, Boolean acceptAllChangesOnSuccess)
   at Microsoft.EntityFrameworkCore.ChangeTracking.Internal.StateManager.<>c.<SaveChanges>b__112_0(DbContext _, ValueTuple`2 t)
   at Microsoft.EntityFrameworkCore.Storage.NonRetryingExecutionStrategy.Execute[TState,TResult](TState state, Func`3 operation, Func`3 verifySucceeded)
   at Microsoft.EntityFrameworkCore.ChangeTracking.Internal.StateManager.SaveChanges(Boolean acceptAllChangesOnSuccess)
   at Microsoft.EntityFrameworkCore.DbContext.SaveChanges(Boolean acceptAllChangesOnSuccess)
   at Microsoft.EntityFrameworkCore.DbContext.SaveChanges()
   at WerkzeugMobil.Services.WerkzeugSeeder.SeedWerkzeugeAndTools() in C:\Users\vicky\OneDrive\Dokumente\GitHub\WerkzeugMobil\WerkzeugMobil\Services\WerkzeugSeeder.cs:line 663
2025-05-13 19:00:12.564 +02:00 [ERR] An error occurred while saving Werkzeuge and Tools.
Microsoft.EntityFrameworkCore.DbUpdateException: An error occurred while saving the entity changes. See the inner exception for details.
 ---> Microsoft.Data.Sqlite.SqliteException (0x80004005): SQLite Error 19: 'FOREIGN KEY constraint failed'.
   at Microsoft.Data.Sqlite.SqliteException.ThrowExceptionForRC(Int32 rc, sqlite3 db)
   at Microsoft.Data.Sqlite.SqliteDataReader.NextResult()
   at Microsoft.Data.Sqlite.SqliteCommand.ExecuteReader(CommandBehavior behavior)
   at Microsoft.Data.Sqlite.SqliteCommand.ExecuteDbDataReader(CommandBehavior behavior)
   at Microsoft.EntityFrameworkCore.Storage.RelationalCommand.ExecuteReader(RelationalCommandParameterObject parameterObject)
   at Microsoft.EntityFrameworkCore.Update.ReaderModificationCommandBatch.Execute(IRelationalConnection connection)
   --- End of inner exception stack trace ---
   at Microsoft.EntityFrameworkCore.Update.ReaderModificationCommandBatch.Execute(IRelationalConnection connection)
   at Microsoft.EntityFrameworkCore.Update.Internal.BatchExecutor.Execute(IEnumerable`1 commandBatches, IRelationalConnection connection)
   at Microsoft.EntityFrameworkCore.Storage.RelationalDatabase.SaveChanges(IList`1 entries)
   at Microsoft.EntityFrameworkCore.ChangeTracking.Internal.StateManager.SaveChanges(IList`1 entriesToSave)
   at Microsoft.EntityFrameworkCore.ChangeTracking.Internal.StateManager.SaveChanges(StateManager stateManager, Boolean acceptAllChangesOnSuccess)
   at Microsoft.EntityFrameworkCore.ChangeTracking.Internal.StateManager.<>c.<SaveChanges>b__112_0(DbContext _, ValueTuple`2 t)
   at Microsoft.EntityFrameworkCore.Storage.NonRetryingExecutionStrategy.Execute[TState,TResult](TState state, Func`3 operation, Func`3 verifySucceeded)
   at Microsoft.EntityFrameworkCore.ChangeTracking.Internal.StateManager.SaveChanges(Boolean acceptAllChangesOnSuccess)
   at Microsoft.EntityFrameworkCore.DbContext.SaveChanges(Boolean acceptAllChangesOnSuccess)
   at Microsoft.EntityFrameworkCore.DbContext.SaveChanges()
   at WerkzeugMobil.Services.WerkzeugSeeder.SeedWerkzeugeAndTools() in C:\Users\vicky\OneDrive\Dokumente\GitHub\WerkzeugMobil\WerkzeugMobil\Services\WerkzeugSeeder.cs:line 663
2025-05-13 19:07:09.721 +02:00 [ERR] An error occurred while saving Werkzeuge and Tools.
Microsoft.EntityFrameworkCore.DbUpdateException: An error occurred while saving the entity changes. See the inner exception for details.
 ---> Microsoft.Data.Sqlite.SqliteException (0x80004005): SQLite Error 19: 'FOREIGN KEY constraint failed'.
   at Microsoft.Data.Sqlite.SqliteException.ThrowExceptionForRC(Int32 rc, sqlite3 db)
   at Microsoft.Data.Sqlite.SqliteDataReader.NextResult()
   at Microsoft.Data.Sqlite.SqliteCommand.ExecuteReader(CommandBehavior behavior)
   at Microsoft.Data.Sqlite.SqliteCommand.ExecuteDbDataReader(CommandBehavior behavior)
   at Microsoft.EntityFrameworkCore.Storage.RelationalCommand.ExecuteReader(RelationalCommandParameterObject parameterObject)
   at Microsoft.EntityFrameworkCore.Update.ReaderModificationCommandBatch.Execute(IRelationalConnection connection)
   --- End of inner exception stack trace ---
   at Microsoft.EntityFrameworkCore.Update.ReaderModificationCommandBatch.Execute(IRelationalConnection connection)
   at Microsoft.EntityFrameworkCore.Update.Internal.BatchExecutor.Execute(IEnumerable`1 commandBatches, IRelationalConnection connection)
   at Microsoft.EntityFrameworkCore.Storage.RelationalDatabase.SaveChanges(IList`1 entries)
   at Microsoft.EntityFrameworkCore.ChangeTracking.Internal.StateManager.SaveChanges(IList`1 entriesToSave)
   at Microsoft.EntityFrameworkCore.ChangeTracking.Internal.StateManager.SaveChanges(StateManager stateManager, Boolean acceptAllChangesOnSuccess)
   at Microsoft.EntityFrameworkCore.ChangeTracking.Internal.StateManager.<>c.<SaveChanges>b__112_0(DbContext _, ValueTuple`2 t)
   at Microsoft.EntityFrameworkCore.Storage.NonRetryingExecutionStrategy.Execute[TState,TResult](TState state, Func`3 operation, Func`3 verifySucceeded)
   at Microsoft.EntityFrameworkCore.ChangeTracking.Internal.StateManager.SaveChanges(Boolean acceptAllChangesOnSuccess)
   at Microsoft.EntityFrameworkCore.DbContext.SaveChanges(Boolean acceptAllChangesOnSuccess)
   at Microsoft.EntityFrameworkCore.DbContext.SaveChanges()
   at WerkzeugMobil.Services.WerkzeugSeeder.SeedWerkzeugeAndTools() in C:\Users\vicky\OneDrive\Dokumente\GitHub\WerkzeugMobil\WerkzeugMobil\Services\WerkzeugSeeder.cs:line 663
2025-05-13 19:39:13.223 +02:00 [INF] Werkzeuge and Tools manually seeded successfully.
2025-05-13 19:40:00.589 +02:00 [ERR] An error occurred while saving Werkzeuge and Tools.
Microsoft.EntityFrameworkCore.DbUpdateException: An error occurred while saving the entity changes. See the inner exception for details.
 ---> Microsoft.Data.Sqlite.SqliteException (0x80004005): SQLite Error 19: 'UNIQUE constraint failed: Werkzeuge.WerkzeugId'.
   at Microsoft.Data.Sqlite.SqliteException.ThrowExceptionForRC(Int32 rc, sqlite3 db)
   at Microsoft.Data.Sqlite.SqliteDataReader.NextResult()
   at Microsoft.Data.Sqlite.SqliteCommand.ExecuteReader(CommandBehavior behavior)
   at Microsoft.Data.Sqlite.SqliteCommand.ExecuteDbDataReader(CommandBehavior behavior)
   at Microsoft.EntityFrameworkCore.Storage.RelationalCommand.ExecuteReader(RelationalCommandParameterObject parameterObject)
   at Microsoft.EntityFrameworkCore.Update.ReaderModificationCommandBatch.Execute(IRelationalConnection connection)
   --- End of inner exception stack trace ---
   at Microsoft.EntityFrameworkCore.Update.ReaderModificationCommandBatch.Execute(IRelationalConnection connection)
   at Microsoft.EntityFrameworkCore.Update.Internal.BatchExecutor.Execute(IEnumerable`1 commandBatches, IRelationalConnection connection)
   at Microsoft.EntityFrameworkCore.Storage.RelationalDatabase.SaveChanges(IList`1 entries)
   at Microsoft.EntityFrameworkCore.ChangeTracking.Internal.StateManager.SaveChanges(IList`1 entriesToSave)
   at Microsoft.EntityFrameworkCore.ChangeTracking.Internal.StateManager.SaveChanges(StateManager stateManager, Boolean acceptAllChangesOnSuccess)
   at Microsoft.EntityFrameworkCore.ChangeTracking.Internal.StateManager.<>c.<SaveChanges>b__112_0(DbContext _, ValueTuple`2 t)
   at Microsoft.EntityFrameworkCore.Storage.NonRetryingExecutionStrategy.Execute[TState,TResult](TState state, Func`3 operation, Func`3 verifySucceeded)
   at Microsoft.EntityFrameworkCore.ChangeTracking.Internal.StateManager.SaveChanges(Boolean acceptAllChangesOnSuccess)
   at Microsoft.EntityFrameworkCore.DbContext.SaveChanges(Boolean acceptAllChangesOnSuccess)
   at Microsoft.EntityFrameworkCore.DbContext.SaveChanges()
   at WerkzeugMobil.Services.WerkzeugSeeder.SeedWerkzeugeAndTools() in C:\Users\vicky\OneDrive\Dokumente\GitHub\WerkzeugMobil\WerkzeugMobil\Services\WerkzeugSeeder.cs:line 799
2025-05-13 19:41:28.988 +02:00 [ERR] An error occurred while saving Werkzeuge and Tools.
Microsoft.EntityFrameworkCore.DbUpdateException: An error occurred while saving the entity changes. See the inner exception for details.
 ---> Microsoft.Data.Sqlite.SqliteException (0x80004005): SQLite Error 19: 'UNIQUE constraint failed: Werkzeuge.WerkzeugId'.
   at Microsoft.Data.Sqlite.SqliteException.ThrowExceptionForRC(Int32 rc, sqlite3 db)
   at Microsoft.Data.Sqlite.SqliteDataReader.NextResult()
   at Microsoft.Data.Sqlite.SqliteCommand.ExecuteReader(CommandBehavior behavior)
   at Microsoft.Data.Sqlite.SqliteCommand.ExecuteDbDataReader(CommandBehavior behavior)
   at Microsoft.EntityFrameworkCore.Storage.RelationalCommand.ExecuteReader(RelationalCommandParameterObject parameterObject)
   at Microsoft.EntityFrameworkCore.Update.ReaderModificationCommandBatch.Execute(IRelationalConnection connection)
   --- End of inner exception stack trace ---
   at Microsoft.EntityFrameworkCore.Update.ReaderModificationCommandBatch.Execute(IRelationalConnection connection)
   at Microsoft.EntityFrameworkCore.Update.Internal.BatchExecutor.Execute(IEnumerable`1 commandBatches, IRelationalConnection connection)
   at Microsoft.EntityFrameworkCore.Storage.RelationalDatabase.SaveChanges(IList`1 entries)
   at Microsoft.EntityFrameworkCore.ChangeTracking.Internal.StateManager.SaveChanges(IList`1 entriesToSave)
   at Microsoft.EntityFrameworkCore.ChangeTracking.Internal.StateManager.SaveChanges(StateManager stateManager, Boolean acceptAllChangesOnSuccess)
   at Microsoft.EntityFrameworkCore.ChangeTracking.Internal.StateManager.<>c.<SaveChanges>b__112_0(DbContext _, ValueTuple`2 t)
   at Microsoft.EntityFrameworkCore.Storage.NonRetryingExecutionStrategy.Execute[TState,TResult](TState state, Func`3 operation, Func`3 verifySucceeded)
   at Microsoft.EntityFrameworkCore.ChangeTracking.Internal.StateManager.SaveChanges(Boolean acceptAllChangesOnSuccess)
   at Microsoft.EntityFrameworkCore.DbContext.SaveChanges(Boolean acceptAllChangesOnSuccess)
   at Microsoft.EntityFrameworkCore.DbContext.SaveChanges()
   at WerkzeugMobil.Services.WerkzeugSeeder.SeedWerkzeugeAndTools() in C:\Users\vicky\OneDrive\Dokumente\GitHub\WerkzeugMobil\WerkzeugMobil\Services\WerkzeugSeeder.cs:line 799
2025-05-13 19:49:26.768 +02:00 [INF] Werkzeuge or Tools already exist, skipping seeding.
2025-05-13 19:50:07.273 +02:00 [INF] Werkzeuge or Tools already exist, skipping seeding.
2025-05-13 20:04:49.265 +02:00 [INF] Werkzeuge or Tools already exist, skipping seeding.
2025-05-13 20:06:29.938 +02:00 [INF] Werkzeuge or Tools already exist, skipping seeding.
2025-05-13 21:19:50.873 +02:00 [INF] Werkzeuge or Tools already exist, skipping seeding.
2025-05-13 21:23:30.580 +02:00 [INF] Werkzeuge or Tools already exist, skipping seeding.
2025-05-13 21:24:20.701 +02:00 [INF] Werkzeuge or Tools already exist, skipping seeding.
2025-05-13 21:40:18.250 +02:00 [INF] Werkzeuge or Tools already exist, skipping seeding.
2025-05-13 21:52:39.510 +02:00 [INF] Werkzeuge or Tools already exist, skipping seeding.
2025-05-13 22:25:03.879 +02:00 [INF] Werkzeuge or Tools already exist, skipping seeding.
2025-05-13 22:26:42.781 +02:00 [INF] Werkzeuge or Tools already exist, skipping seeding.
2025-05-13 22:30:06.645 +02:00 [INF] Werkzeuge or Tools already exist, skipping seeding.
