2025-05-12 10:31:22.060 +02:00 [ERR] Failed to import from Excel
2025-05-12 10:31:22.144 +02:00 [ERR] DataSeeder failed
2025-05-12 10:33:38.668 +02:00 [ERR] Failed to import from Excel
2025-05-12 10:33:38.722 +02:00 [ERR] DataSeeder failed
2025-05-12 11:57:26.919 +02:00 [ERR] Failed to import from Excel
2025-05-12 11:57:26.977 +02:00 [ERR] DataSeeder failed
2025-05-12 12:58:15.834 +02:00 [ERR] Failed to import and seed from Excel.
OfficeOpenXml.LicenseContextPropertyObsoleteException: Please use the static 'ExcelPackage.License' property to set the required license information from EPPlus 8 and later versions. For more info see http://epplussoftware.com/developers/licensenotsetexception.
   at OfficeOpenXml.ExcelPackage.set_LicenseContext(Nullable`1 value)
   at ExcelImporterHelpers.Import(String filePath) in C:\Users\vicky\OneDrive\Dokumente\GitHub\WerkzeugMobil\WerkzeugMobil\Helpers\ExcelImporterHelpers.cs:line 12
   at WerkzeugMobil.Services.DataSeeder.SeedWerkzeugeFromExcel() in C:\Users\vicky\OneDrive\Dokumente\GitHub\WerkzeugMobil\WerkzeugMobil\Services\DataSeeder.cs:line 84
2025-05-12 12:58:16.028 +02:00 [ERR] DataSeeder failed
2025-05-12 13:01:07.651 +02:00 [ERR] Failed to import and seed from Excel.
OfficeOpenXml.LicenseContextPropertyObsoleteException: Please use the static 'ExcelPackage.License' property to set the required license information from EPPlus 8 and later versions. For more info see http://epplussoftware.com/developers/licensenotsetexception.
   at OfficeOpenXml.ExcelPackage.set_LicenseContext(Nullable`1 value)
   at ExcelImporterHelpers.Import(String filePath) in C:\Users\vicky\OneDrive\Dokumente\GitHub\WerkzeugMobil\WerkzeugMobil\Helpers\ExcelImporterHelpers.cs:line 12
   at WerkzeugMobil.Services.DataSeeder.SeedWerkzeugeFromExcel() in C:\Users\vicky\OneDrive\Dokumente\GitHub\WerkzeugMobil\WerkzeugMobil\Services\DataSeeder.cs:line 84
2025-05-12 13:01:07.805 +02:00 [ERR] DataSeeder failed
2025-05-12 13:13:36.992 +02:00 [ERR] Failed to import and seed from Excel.
OfficeOpenXml.LicenseContextPropertyObsoleteException: Please use the static 'ExcelPackage.License' property to set the required license information from EPPlus 8 and later versions. For more info see http://epplussoftware.com/developers/licensenotsetexception.
   at OfficeOpenXml.ExcelPackage.set_LicenseContext(Nullable`1 value)
   at ExcelImporterHelpers.Import(String filePath) in C:\Users\vicky\OneDrive\Dokumente\GitHub\WerkzeugMobil\WerkzeugMobil\Helpers\ExcelImporterHelpers.cs:line 12
   at WerkzeugMobil.Services.DataSeeder.SeedWerkzeugeFromExcel() in C:\Users\vicky\OneDrive\Dokumente\GitHub\WerkzeugMobil\WerkzeugMobil\Services\DataSeeder.cs:line 84
2025-05-12 13:13:37.174 +02:00 [ERR] DataSeeder failed
2025-05-12 14:41:36.942 +02:00 [ERR] Failed to import and seed from Excel.
OfficeOpenXml.LicenseContextPropertyObsoleteException: Please use the static 'ExcelPackage.License' property to set the required license information from EPPlus 8 and later versions. For more info see http://epplussoftware.com/developers/licensenotsetexception.
   at OfficeOpenXml.ExcelPackage.set_LicenseContext(Nullable`1 value)
   at ExcelImporterHelpers.Import(String filePath) in C:\Users\vicky\OneDrive\Dokumente\GitHub\WerkzeugMobil\WerkzeugMobil\Helpers\ExcelImporterHelpers.cs:line 12
   at WerkzeugMobil.Services.DataSeeder.SeedWerkzeugeFromExcel() in C:\Users\vicky\OneDrive\Dokumente\GitHub\WerkzeugMobil\WerkzeugMobil\Services\DataSeeder.cs:line 84
2025-05-12 14:41:38.316 +02:00 [ERR] DataSeeder failed
2025-05-12 18:23:58.587 +02:00 [ERR] Failed to import and seed from Excel.
OfficeOpenXml.LicenseContextPropertyObsoleteException: Please use the static 'ExcelPackage.License' property to set the required license information from EPPlus 8 and later versions. For more info see http://epplussoftware.com/developers/licensenotsetexception.
   at OfficeOpenXml.ExcelPackage.set_LicenseContext(Nullable`1 value)
   at ExcelImporterHelpers.Import(String filePath) in C:\Users\vicky\OneDrive\Dokumente\GitHub\WerkzeugMobil\WerkzeugMobil\Helpers\ExcelImporterHelpers.cs:line 12
   at WerkzeugMobil.Services.DataSeeder.SeedWerkzeugeFromExcel() in C:\Users\vicky\OneDrive\Dokumente\GitHub\WerkzeugMobil\WerkzeugMobil\Services\DataSeeder.cs:line 85
2025-05-12 18:23:59.242 +02:00 [ERR] DataSeeder failed
2025-05-12 18:27:28.086 +02:00 [ERR] Failed to import and seed from Excel.
OfficeOpenXml.LicenseContextPropertyObsoleteException: Please use the static 'ExcelPackage.License' property to set the required license information from EPPlus 8 and later versions. For more info see http://epplussoftware.com/developers/licensenotsetexception.
   at OfficeOpenXml.ExcelPackage.set_LicenseContext(Nullable`1 value)
   at ExcelImporterHelpers.Import(String filePath) in C:\Users\vicky\OneDrive\Dokumente\GitHub\WerkzeugMobil\WerkzeugMobil\Helpers\ExcelImporterHelpers.cs:line 12
   at WerkzeugMobil.Services.DataSeeder.SeedWerkzeugeFromExcel() in C:\Users\vicky\OneDrive\Dokumente\GitHub\WerkzeugMobil\WerkzeugMobil\Services\DataSeeder.cs:line 85
2025-05-12 18:27:28.288 +02:00 [ERR] DataSeeder failed
2025-05-12 18:32:25.913 +02:00 [ERR] Failed to import and seed from Excel.
OfficeOpenXml.LicenseContextPropertyObsoleteException: Please use the static 'ExcelPackage.License' property to set the required license information from EPPlus 8 and later versions. For more info see http://epplussoftware.com/developers/licensenotsetexception.
   at OfficeOpenXml.ExcelPackage.set_LicenseContext(Nullable`1 value)
   at ExcelImporterHelpers.Import(String filePath) in C:\Users\vicky\OneDrive\Dokumente\GitHub\WerkzeugMobil\WerkzeugMobil\Helpers\ExcelImporterHelpers.cs:line 12
   at WerkzeugMobil.Services.DataSeeder.SeedWerkzeugeFromExcel() in C:\Users\vicky\OneDrive\Dokumente\GitHub\WerkzeugMobil\WerkzeugMobil\Services\DataSeeder.cs:line 85
2025-05-12 18:32:26.071 +02:00 [ERR] DataSeeder failed
2025-05-12 19:12:50.177 +02:00 [ERR] Failed to import and seed from Excel.
System.IO.IOException: The process cannot access the file 'C:\Users\vicky\OneDrive\Dokumente\GitHub\WerkzeugMobil\WerkzeugMobil\bin\Debug\net8.0-windows\Inventurliste.xlsx' because it is being used by another process.
   at Microsoft.Win32.SafeHandles.SafeFileHandle.CreateFile(String fullPath, FileMode mode, FileAccess access, FileShare share, FileOptions options)
   at Microsoft.Win32.SafeHandles.SafeFileHandle.Open(String fullPath, FileMode mode, FileAccess access, FileShare share, FileOptions options, Int64 preallocationSize, Nullable`1 unixCreateMode)
   at System.IO.Strategies.OSFileStreamStrategy..ctor(String path, FileMode mode, FileAccess access, FileShare share, FileOptions options, Int64 preallocationSize, Nullable`1 unixCreateMode)
   at System.IO.Strategies.FileStreamHelpers.ChooseStrategyCore(String path, FileMode mode, FileAccess access, FileShare share, FileOptions options, Int64 preallocationSize, Nullable`1 unixCreateMode)
   at System.IO.FileStream..ctor(String path, FileMode mode, FileAccess access, FileShare share)
   at OfficeOpenXml.ExcelPackage.WriteFileToStream(String path, Stream stream)
   at OfficeOpenXml.ExcelPackage.ConstructNewFile(String password)
   at OfficeOpenXml.ExcelPackage..ctor(FileInfo newFile)
   at ExcelImporterHelpers.Import(String filePath) in C:\Users\vicky\OneDrive\Dokumente\GitHub\WerkzeugMobil\WerkzeugMobil\Helpers\ExcelImporterHelpers.cs:line 17
   at WerkzeugMobil.Services.DataSeeder.SeedWerkzeugeFromExcel() in C:\Users\vicky\OneDrive\Dokumente\GitHub\WerkzeugMobil\WerkzeugMobil\Services\DataSeeder.cs:line 85
2025-05-12 19:12:50.502 +02:00 [ERR] DataSeeder failed
2025-05-12 19:13:18.030 +02:00 [ERR] Failed to import and seed from Excel.
System.IO.IOException: The process cannot access the file 'C:\Users\vicky\OneDrive\Dokumente\GitHub\WerkzeugMobil\WerkzeugMobil\bin\Debug\net8.0-windows\Inventurliste.xlsx' because it is being used by another process.
   at Microsoft.Win32.SafeHandles.SafeFileHandle.CreateFile(String fullPath, FileMode mode, FileAccess access, FileShare share, FileOptions options)
   at Microsoft.Win32.SafeHandles.SafeFileHandle.Open(String fullPath, FileMode mode, FileAccess access, FileShare share, FileOptions options, Int64 preallocationSize, Nullable`1 unixCreateMode)
   at System.IO.Strategies.OSFileStreamStrategy..ctor(String path, FileMode mode, FileAccess access, FileShare share, FileOptions options, Int64 preallocationSize, Nullable`1 unixCreateMode)
   at System.IO.Strategies.FileStreamHelpers.ChooseStrategyCore(String path, FileMode mode, FileAccess access, FileShare share, FileOptions options, Int64 preallocationSize, Nullable`1 unixCreateMode)
   at System.IO.FileStream..ctor(String path, FileMode mode, FileAccess access, FileShare share)
   at OfficeOpenXml.ExcelPackage.WriteFileToStream(String path, Stream stream)
   at OfficeOpenXml.ExcelPackage.ConstructNewFile(String password)
   at OfficeOpenXml.ExcelPackage..ctor(FileInfo newFile)
   at ExcelImporterHelpers.Import(String filePath) in C:\Users\vicky\OneDrive\Dokumente\GitHub\WerkzeugMobil\WerkzeugMobil\Helpers\ExcelImporterHelpers.cs:line 17
   at WerkzeugMobil.Services.DataSeeder.SeedWerkzeugeFromExcel() in C:\Users\vicky\OneDrive\Dokumente\GitHub\WerkzeugMobil\WerkzeugMobil\Services\DataSeeder.cs:line 85
2025-05-12 19:13:18.282 +02:00 [ERR] DataSeeder failed
2025-05-12 19:14:20.630 +02:00 [ERR] Failed to import and seed from Excel.
System.Text.Json.JsonException: 'H' is an invalid start of a value. Path: $ | LineNumber: 0 | BytePositionInLine: 0.
 ---> System.Text.Json.JsonReaderException: 'H' is an invalid start of a value. LineNumber: 0 | BytePositionInLine: 0.
   at System.Text.Json.ThrowHelper.ThrowJsonReaderException(Utf8JsonReader& json, ExceptionResource resource, Byte nextByte, ReadOnlySpan`1 bytes)
   at System.Text.Json.Utf8JsonReader.ConsumeValue(Byte marker)
   at System.Text.Json.Utf8JsonReader.ReadFirstToken(Byte first)
   at System.Text.Json.Utf8JsonReader.ReadSingleSegment()
   at System.Text.Json.Utf8JsonReader.Read()
   at System.Text.Json.Serialization.JsonConverter`1.ReadCore(Utf8JsonReader& reader, T& value, JsonSerializerOptions options, ReadStack& state)
   --- End of inner exception stack trace ---
   at System.Text.Json.ThrowHelper.ReThrowWithPath(ReadStack& state, JsonReaderException ex)
   at System.Text.Json.Serialization.JsonConverter`1.ReadCore(Utf8JsonReader& reader, T& value, JsonSerializerOptions options, ReadStack& state)
   at System.Text.Json.Serialization.Metadata.JsonTypeInfo`1.Deserialize(Utf8JsonReader& reader, ReadStack& state)
   at System.Text.Json.JsonSerializer.ReadFromSpan[TValue](ReadOnlySpan`1 utf8Json, JsonTypeInfo`1 jsonTypeInfo, Nullable`1 actualByteCount)
   at System.Text.Json.JsonSerializer.ReadFromSpan[TValue](ReadOnlySpan`1 json, JsonTypeInfo`1 jsonTypeInfo)
   at System.Text.Json.JsonSerializer.Deserialize[TValue](String json, JsonSerializerOptions options)
   at ToolDTO.set_ToolTypeCountsSerialized(String value) in C:\Users\vicky\OneDrive\Dokumente\GitHub\WerkzeugMobil\WerkzeugMobil\DTO\ToolDTO.cs:line 20
   at WerkzeugMobil.Services.DataSeeder.<>c.<SeedWerkzeugeFromExcel>b__6_4(IGrouping`2 g) in C:\Users\vicky\OneDrive\Dokumente\GitHub\WerkzeugMobil\WerkzeugMobil\Services\DataSeeder.cs:line 119
   at System.Linq.Enumerable.SelectEnumerableIterator`2.ToList()
   at WerkzeugMobil.Services.DataSeeder.SeedWerkzeugeFromExcel() in C:\Users\vicky\OneDrive\Dokumente\GitHub\WerkzeugMobil\WerkzeugMobil\Services\DataSeeder.cs:line 110
2025-05-12 19:14:20.912 +02:00 [ERR] DataSeeder failed
2025-05-12 19:28:05.067 +02:00 [ERR] Failed to import and seed from Excel.
OfficeOpenXml.LicenseContextPropertyObsoleteException: Please use the static 'ExcelPackage.License' property to set the required license information from EPPlus 8 and later versions. For more info see http://epplussoftware.com/developers/licensenotsetexception.
   at OfficeOpenXml.ExcelPackage.set_LicenseContext(Nullable`1 value)
   at ExcelImporterHelpers.Import(String filePath) in C:\Users\vicky\OneDrive\Dokumente\GitHub\WerkzeugMobil\WerkzeugMobil\Helpers\ExcelImporterHelpers.cs:line 12
   at WerkzeugMobil.Services.DataSeeder.SeedWerkzeugeFromExcel() in C:\Users\vicky\OneDrive\Dokumente\GitHub\WerkzeugMobil\WerkzeugMobil\Services\DataSeeder.cs:line 85
2025-05-12 19:28:05.379 +02:00 [ERR] DataSeeder failed
2025-05-12 19:28:55.160 +02:00 [ERR] Failed to import and seed from Excel.
OfficeOpenXml.LicenseContextPropertyObsoleteException: Please use the static 'ExcelPackage.License' property to set the required license information from EPPlus 8 and later versions. For more info see http://epplussoftware.com/developers/licensenotsetexception.
   at OfficeOpenXml.ExcelPackage.set_LicenseContext(Nullable`1 value)
   at ExcelImporterHelpers.Import(String filePath) in C:\Users\vicky\OneDrive\Dokumente\GitHub\WerkzeugMobil\WerkzeugMobil\Helpers\ExcelImporterHelpers.cs:line 12
   at WerkzeugMobil.Services.DataSeeder.SeedWerkzeugeFromExcel() in C:\Users\vicky\OneDrive\Dokumente\GitHub\WerkzeugMobil\WerkzeugMobil\Services\DataSeeder.cs:line 85
2025-05-12 19:28:55.440 +02:00 [ERR] DataSeeder failed
2025-05-12 19:29:10.390 +02:00 [ERR] Failed to import and seed from Excel.
OfficeOpenXml.LicenseContextPropertyObsoleteException: Please use the static 'ExcelPackage.License' property to set the required license information from EPPlus 8 and later versions. For more info see http://epplussoftware.com/developers/licensenotsetexception.
   at OfficeOpenXml.ExcelPackage.set_LicenseContext(Nullable`1 value)
   at ExcelImporterHelpers.Import(String filePath) in C:\Users\vicky\OneDrive\Dokumente\GitHub\WerkzeugMobil\WerkzeugMobil\Helpers\ExcelImporterHelpers.cs:line 12
   at WerkzeugMobil.Services.DataSeeder.SeedWerkzeugeFromExcel() in C:\Users\vicky\OneDrive\Dokumente\GitHub\WerkzeugMobil\WerkzeugMobil\Services\DataSeeder.cs:line 85
2025-05-12 19:29:10.603 +02:00 [ERR] DataSeeder failed
2025-05-12 19:29:50.524 +02:00 [ERR] Failed to import and seed from Excel.
System.Text.Json.JsonException: 'm' is an invalid start of a value. Path: $ | LineNumber: 0 | BytePositionInLine: 0.
 ---> System.Text.Json.JsonReaderException: 'm' is an invalid start of a value. LineNumber: 0 | BytePositionInLine: 0.
   at System.Text.Json.ThrowHelper.ThrowJsonReaderException(Utf8JsonReader& json, ExceptionResource resource, Byte nextByte, ReadOnlySpan`1 bytes)
   at System.Text.Json.Utf8JsonReader.ConsumeValue(Byte marker)
   at System.Text.Json.Utf8JsonReader.ReadFirstToken(Byte first)
   at System.Text.Json.Utf8JsonReader.ReadSingleSegment()
   at System.Text.Json.Utf8JsonReader.Read()
   at System.Text.Json.Serialization.JsonConverter`1.ReadCore(Utf8JsonReader& reader, T& value, JsonSerializerOptions options, ReadStack& state)
   --- End of inner exception stack trace ---
   at System.Text.Json.ThrowHelper.ReThrowWithPath(ReadStack& state, JsonReaderException ex)
   at System.Text.Json.Serialization.JsonConverter`1.ReadCore(Utf8JsonReader& reader, T& value, JsonSerializerOptions options, ReadStack& state)
   at System.Text.Json.Serialization.Metadata.JsonTypeInfo`1.Deserialize(Utf8JsonReader& reader, ReadStack& state)
   at System.Text.Json.JsonSerializer.ReadFromSpan[TValue](ReadOnlySpan`1 utf8Json, JsonTypeInfo`1 jsonTypeInfo, Nullable`1 actualByteCount)
   at System.Text.Json.JsonSerializer.ReadFromSpan[TValue](ReadOnlySpan`1 json, JsonTypeInfo`1 jsonTypeInfo)
   at System.Text.Json.JsonSerializer.Deserialize[TValue](String json, JsonSerializerOptions options)
   at ToolDTO.set_ToolTypeCountsSerialized(String value) in C:\Users\vicky\OneDrive\Dokumente\GitHub\WerkzeugMobil\WerkzeugMobil\DTO\ToolDTO.cs:line 20
   at WerkzeugMobil.Services.DataSeeder.<>c.<SeedWerkzeugeFromExcel>b__6_4(IGrouping`2 g) in C:\Users\vicky\OneDrive\Dokumente\GitHub\WerkzeugMobil\WerkzeugMobil\Services\DataSeeder.cs:line 119
   at System.Linq.Enumerable.SelectEnumerableIterator`2.ToList()
   at WerkzeugMobil.Services.DataSeeder.SeedWerkzeugeFromExcel() in C:\Users\vicky\OneDrive\Dokumente\GitHub\WerkzeugMobil\WerkzeugMobil\Services\DataSeeder.cs:line 110
2025-05-12 19:29:50.872 +02:00 [ERR] DataSeeder failed
2025-05-12 21:19:35.466 +02:00 [INF] Loaded 126 Werkzeuge from Excel.
2025-05-12 21:19:35.918 +02:00 [INF] Cleared existing Werkzeuge and Tools data.
2025-05-12 21:19:35.925 +02:00 [INF] Adding 26 Werkzeuge to the database.
2025-05-12 21:19:35.945 +02:00 [INF] Adding 0 Tools to the database.
2025-05-12 21:19:36.075 +02:00 [INF] Werkzeuge and Tools seeded successfully.
