2025-06-29 14:06:17.336 +02:00 [INF] ℹ️ Projekte table already contains data. Skipping seeding.
2025-06-29 14:06:17.903 +02:00 [INF] ✅ Benutzer passwords checked and updated if necessary.
2025-06-29 14:06:17.918 +02:00 [INF] Werkzeuge or Tools already exist, skipping seeding.
2025-06-29 14:06:17.918 +02:00 [INF] ✅ Werkzeuge seeding completed.
2025-06-29 18:05:04.940 +02:00 [INF] ℹ️ Projekte table already contains data. Skipping seeding.
2025-06-29 18:05:05.381 +02:00 [INF] ✅ Benutzer passwords checked and updated if necessary.
2025-06-29 18:05:05.396 +02:00 [INF] Werkzeuge or Tools already exist, skipping seeding.
2025-06-29 18:05:05.397 +02:00 [INF] ✅ Werkzeuge seeding completed.
2025-06-29 18:21:32.317 +02:00 [INF] ℹ️ Projekte table already contains data. Skipping seeding.
2025-06-29 18:21:32.956 +02:00 [INF] ✅ Benutzer passwords checked and updated if necessary.
2025-06-29 18:21:32.975 +02:00 [INF] Werkzeuge or Tools already exist, skipping seeding.
2025-06-29 18:21:32.975 +02:00 [INF] ✅ Werkzeuge seeding completed.
2025-06-29 18:32:41.639 +02:00 [ERR] Startup failed
System.ArgumentException: 'AddDbContext' was called with configuration, but the context type 'WerkzeugDbContext' only declares a parameterless constructor. This means that the configuration passed to 'AddDbContext' will never be used. If configuration is passed to 'AddDbContext', then 'WerkzeugDbContext' should declare a constructor that accepts a DbContextOptions<WerkzeugDbContext> and must pass it to the base constructor for DbContext.
   at Microsoft.Extensions.DependencyInjection.EntityFrameworkServiceCollectionExtensions.CheckContextConstructors[TContext]()
   at Microsoft.Extensions.DependencyInjection.EntityFrameworkServiceCollectionExtensions.AddDbContext[TContextService,TContextImplementation](IServiceCollection serviceCollection, Action`2 optionsAction, ServiceLifetime contextLifetime, ServiceLifetime optionsLifetime)
   at Microsoft.Extensions.DependencyInjection.EntityFrameworkServiceCollectionExtensions.AddDbContext[TContextService,TContextImplementation](IServiceCollection serviceCollection, Action`1 optionsAction, ServiceLifetime contextLifetime, ServiceLifetime optionsLifetime)
   at Microsoft.Extensions.DependencyInjection.EntityFrameworkServiceCollectionExtensions.AddDbContext[TContext](IServiceCollection serviceCollection, Action`1 optionsAction, ServiceLifetime contextLifetime, ServiceLifetime optionsLifetime)
   at Startup.ConfigureServices(IServiceCollection services) in C:\Users\vicky\OneDrive\Dokumente\GitHub\WerkzeugMobil\WerkzeugMobil\Startup.cs:line 13
   at System.RuntimeMethodHandle.InvokeMethod(Object target, Void** arguments, Signature sig, Boolean isConstructor)
   at System.Reflection.MethodBaseInvoker.InvokeDirectByRefWithFewArgs(Object obj, Span`1 copyOfArgs, BindingFlags invokeAttr)
   at System.Reflection.MethodBaseInvoker.InvokeWithOneArg(Object obj, BindingFlags invokeAttr, Binder binder, Object[] parameters, CultureInfo culture)
   at Microsoft.AspNetCore.Hosting.ConfigureServicesBuilder.InvokeCore(Object instance, IServiceCollection services)
   at Microsoft.AspNetCore.Hosting.GenericWebHostBuilder.UseStartup(Type startupType, HostBuilderContext context, IServiceCollection services, Object instance)
   at Microsoft.AspNetCore.Hosting.GenericWebHostBuilder.<>c__DisplayClass7_0.<UseStartup>b__0(HostBuilderContext context, IServiceCollection services)
   at Microsoft.Extensions.Hosting.HostBuilder.InitializeServiceProvider()
   at Microsoft.Extensions.Hosting.HostBuilder.Build()
   at WerkzeugMobil.App.OnStartup(StartupEventArgs e) in C:\Users\vicky\OneDrive\Dokumente\GitHub\WerkzeugMobil\WerkzeugMobil\App.xaml.cs:line 48
2025-06-29 19:13:42.429 +02:00 [ERR] Startup failed
System.InvalidOperationException: An error was generated for warning 'Microsoft.EntityFrameworkCore.Migrations.PendingModelChangesWarning': The model for context 'WerkzeugDbContext' has pending changes. Add a new migration before updating the database. See https://aka.ms/efcore-docs-pending-changes. This exception can be suppressed or logged by passing event ID 'RelationalEventId.PendingModelChangesWarning' to the 'ConfigureWarnings' method in 'DbContext.OnConfiguring' or 'AddDbContext'.
   at Microsoft.EntityFrameworkCore.Diagnostics.EventDefinition`1.Log[TLoggerCategory](IDiagnosticsLogger`1 logger, TParam arg)
   at Microsoft.EntityFrameworkCore.Diagnostics.RelationalLoggerExtensions.PendingModelChangesWarning(IDiagnosticsLogger`1 diagnostics, Type contextType)
   at Microsoft.EntityFrameworkCore.Migrations.Internal.Migrator.ValidateMigrations(Boolean useTransaction, String targetMigration)
   at Microsoft.EntityFrameworkCore.Migrations.Internal.Migrator.Migrate(String targetMigration)
   at Microsoft.EntityFrameworkCore.RelationalDatabaseFacadeExtensions.Migrate(DatabaseFacade databaseFacade)
   at WerkzeugMobil.Services.DataSeeder.Seed() in C:\Users\vicky\OneDrive\Dokumente\GitHub\WerkzeugMobil\WerkzeugMobil\Services\DataSeeder.cs:line 28
   at WerkzeugMobil.App.OnStartup(StartupEventArgs e) in C:\Users\vicky\OneDrive\Dokumente\GitHub\WerkzeugMobil\WerkzeugMobil\App.xaml.cs:line 65
2025-06-29 19:21:48.338 +02:00 [ERR] Startup failed
System.ArgumentException: Das Format der Initialisierungszeichenfolge stimmt nicht mit der Spezifikation überein, die bei Index '0' beginnt.
   at Microsoft.Data.Common.DbConnectionOptions.GetKeyValuePair(String connectionString, Int32 currentPosition, StringBuilder buffer, Boolean useOdbcRules, String& keyname, String& keyvalue)
   at Microsoft.Data.Common.DbConnectionOptions.ParseInternal(Dictionary`2 parsetable, String connectionString, Boolean buildChain, Dictionary`2 synonyms, Boolean firstKey)
   at Microsoft.Data.Common.DbConnectionOptions..ctor(String connectionString, Dictionary`2 synonyms)
   at Microsoft.Data.SqlClient.SqlConnectionString..ctor(String connectionString)
   at Microsoft.Data.SqlClient.SqlConnectionFactory.CreateConnectionOptions(String connectionString, DbConnectionOptions previous)
   at Microsoft.Data.ProviderBase.DbConnectionFactory.GetConnectionPoolGroup(DbConnectionPoolKey key, DbConnectionPoolGroupOptions poolOptions, DbConnectionOptions& userConnectionOptions)
   at Microsoft.Data.SqlClient.SqlConnection.ConnectionString_Set(DbConnectionPoolKey key)
   at Microsoft.Data.SqlClient.SqlConnection.set_ConnectionString(String value)
   at Microsoft.Data.SqlClient.SqlConnection..ctor(String connectionString)
   at Microsoft.EntityFrameworkCore.SqlServer.Storage.Internal.SqlServerConnection.CreateDbConnection()
   at Microsoft.EntityFrameworkCore.Storage.RelationalConnection.get_DbConnection()
   at Microsoft.EntityFrameworkCore.Storage.RelationalConnection.Open(Boolean errorsExpected)
   at Microsoft.EntityFrameworkCore.SqlServer.Storage.Internal.SqlServerDatabaseCreator.<>c__DisplayClass18_0.<Exists>b__0(DateTime giveUp)
   at Microsoft.EntityFrameworkCore.ExecutionStrategyExtensions.<>c__DisplayClass12_0`2.<Execute>b__0(DbContext _, TState s)
   at Microsoft.EntityFrameworkCore.SqlServer.Storage.Internal.SqlServerExecutionStrategy.Execute[TState,TResult](TState state, Func`3 operation, Func`3 verifySucceeded)
   at Microsoft.EntityFrameworkCore.ExecutionStrategyExtensions.Execute[TState,TResult](IExecutionStrategy strategy, TState state, Func`2 operation, Func`2 verifySucceeded)
   at Microsoft.EntityFrameworkCore.SqlServer.Storage.Internal.SqlServerDatabaseCreator.Exists(Boolean retryOnNotExists)
   at Microsoft.EntityFrameworkCore.SqlServer.Storage.Internal.SqlServerDatabaseCreator.Exists()
   at Microsoft.EntityFrameworkCore.Migrations.Internal.Migrator.Migrate(String targetMigration)
   at Microsoft.EntityFrameworkCore.RelationalDatabaseFacadeExtensions.Migrate(DatabaseFacade databaseFacade)
   at WerkzeugMobil.Services.DataSeeder.Seed() in C:\Users\vicky\OneDrive\Dokumente\GitHub\WerkzeugMobil\WerkzeugMobil\Services\DataSeeder.cs:line 28
   at WerkzeugMobil.App.OnStartup(StartupEventArgs e) in C:\Users\vicky\OneDrive\Dokumente\GitHub\WerkzeugMobil\WerkzeugMobil\App.xaml.cs:line 65
2025-06-29 20:09:16.581 +02:00 [INF] ✅ Projekte seeded successfully.
2025-06-29 20:09:20.151 +02:00 [INF] ✅ Benutzer (users) seeded successfully.
2025-06-29 20:09:21.819 +02:00 [INF] Werkzeuge and Tools manually seeded successfully.
2025-06-29 20:09:21.819 +02:00 [INF] ✅ Werkzeuge seeding completed.
2025-06-29 20:22:17.061 +02:00 [INF] ℹ️ Projekte table already contains data. Skipping seeding.
2025-06-29 20:22:17.248 +02:00 [INF] ✅ Benutzer passwords checked and updated if necessary.
2025-06-29 20:22:17.261 +02:00 [INF] Werkzeuge or Tools already exist, skipping seeding.
2025-06-29 20:22:17.261 +02:00 [INF] ✅ Werkzeuge seeding completed.
2025-06-29 20:34:24.389 +02:00 [INF] ℹ️ Projekte table already contains data. Skipping seeding.
2025-06-29 20:34:25.617 +02:00 [INF] ✅ Benutzer passwords checked and updated if necessary.
2025-06-29 20:34:25.675 +02:00 [INF] Werkzeuge or Tools already exist, skipping seeding.
2025-06-29 20:34:25.679 +02:00 [INF] ✅ Werkzeuge seeding completed.
2025-06-29 20:52:32.547 +02:00 [ERR] Startup failed
System.IO.IOException: Failed to bind to address http://127.0.0.1:5000: address already in use.
 ---> Microsoft.AspNetCore.Connections.AddressInUseException: Normalerweise darf jede Socketadresse (Protokoll, Netzwerkadresse oder Anschluss) nur jeweils einmal verwendet werden.
 ---> System.Net.Sockets.SocketException (10048): Normalerweise darf jede Socketadresse (Protokoll, Netzwerkadresse oder Anschluss) nur jeweils einmal verwendet werden.
   at System.Net.Sockets.Socket.UpdateStatusAfterSocketErrorAndThrowException(SocketError error, Boolean disconnectOnFailure, String callerName)
   at System.Net.Sockets.Socket.DoBind(EndPoint endPointSnapshot, SocketAddress socketAddress)
   at System.Net.Sockets.Socket.Bind(EndPoint localEP)
   at Microsoft.AspNetCore.Server.Kestrel.Transport.Sockets.SocketTransportOptions.CreateDefaultBoundListenSocket(EndPoint endpoint)
   at Microsoft.AspNetCore.Server.Kestrel.Transport.Sockets.SocketConnectionListener.Bind()
   --- End of inner exception stack trace ---
   at Microsoft.AspNetCore.Server.Kestrel.Transport.Sockets.SocketConnectionListener.Bind()
   at Microsoft.AspNetCore.Server.Kestrel.Transport.Sockets.SocketTransportFactory.BindAsync(EndPoint endpoint, CancellationToken cancellationToken)
   at Microsoft.AspNetCore.Server.Kestrel.Core.Internal.Infrastructure.TransportManager.BindAsync(EndPoint endPoint, ConnectionDelegate connectionDelegate, EndpointConfig endpointConfig, CancellationToken cancellationToken)
   at Microsoft.AspNetCore.Server.Kestrel.Core.KestrelServerImpl.<>c__DisplayClass28_0`1.<<StartAsync>g__OnBind|0>d.MoveNext()
--- End of stack trace from previous location ---
   at Microsoft.AspNetCore.Server.Kestrel.Core.Internal.AddressBinder.BindEndpointAsync(ListenOptions endpoint, AddressBindContext context, CancellationToken cancellationToken)
   --- End of inner exception stack trace ---
   at Microsoft.AspNetCore.Server.Kestrel.Core.Internal.AddressBinder.BindEndpointAsync(ListenOptions endpoint, AddressBindContext context, CancellationToken cancellationToken)
   at Microsoft.AspNetCore.Server.Kestrel.Core.LocalhostListenOptions.BindAsync(AddressBindContext context, CancellationToken cancellationToken)
   at Microsoft.AspNetCore.Server.Kestrel.Core.Internal.AddressBinder.AddressesStrategy.BindAsync(AddressBindContext context, CancellationToken cancellationToken)
   at Microsoft.AspNetCore.Server.Kestrel.Core.Internal.AddressBinder.BindAsync(ListenOptions[] listenOptions, AddressBindContext context, Func`2 useHttps, CancellationToken cancellationToken)
   at Microsoft.AspNetCore.Server.Kestrel.Core.KestrelServerImpl.BindAsync(CancellationToken cancellationToken)
   at Microsoft.AspNetCore.Server.Kestrel.Core.KestrelServerImpl.StartAsync[TContext](IHttpApplication`1 application, CancellationToken cancellationToken)
   at Microsoft.AspNetCore.Hosting.GenericWebHostService.StartAsync(CancellationToken cancellationToken)
   at Microsoft.Extensions.Hosting.Internal.Host.<StartAsync>b__15_1(IHostedService service, CancellationToken token)
   at Microsoft.Extensions.Hosting.Internal.Host.ForeachService[T](IEnumerable`1 services, CancellationToken token, Boolean concurrent, Boolean abortOnFirstException, List`1 exceptions, Func`3 operation)
   at Microsoft.Extensions.Hosting.Internal.Host.StartAsync(CancellationToken cancellationToken)
   at WerkzeugMobil.App.OnStartup(StartupEventArgs e) in C:\Users\vicky\OneDrive\Dokumente\GitHub\WerkzeugMobil\WerkzeugMobil\App.xaml.cs:line 57
2025-06-29 21:04:56.064 +02:00 [ERR] Startup failed
System.IO.IOException: Failed to bind to address http://127.0.0.1:5000: address already in use.
 ---> Microsoft.AspNetCore.Connections.AddressInUseException: Normalerweise darf jede Socketadresse (Protokoll, Netzwerkadresse oder Anschluss) nur jeweils einmal verwendet werden.
 ---> System.Net.Sockets.SocketException (10048): Normalerweise darf jede Socketadresse (Protokoll, Netzwerkadresse oder Anschluss) nur jeweils einmal verwendet werden.
   at System.Net.Sockets.Socket.UpdateStatusAfterSocketErrorAndThrowException(SocketError error, Boolean disconnectOnFailure, String callerName)
   at System.Net.Sockets.Socket.DoBind(EndPoint endPointSnapshot, SocketAddress socketAddress)
   at System.Net.Sockets.Socket.Bind(EndPoint localEP)
   at Microsoft.AspNetCore.Server.Kestrel.Transport.Sockets.SocketTransportOptions.CreateDefaultBoundListenSocket(EndPoint endpoint)
   at Microsoft.AspNetCore.Server.Kestrel.Transport.Sockets.SocketConnectionListener.Bind()
   --- End of inner exception stack trace ---
   at Microsoft.AspNetCore.Server.Kestrel.Transport.Sockets.SocketConnectionListener.Bind()
   at Microsoft.AspNetCore.Server.Kestrel.Transport.Sockets.SocketTransportFactory.BindAsync(EndPoint endpoint, CancellationToken cancellationToken)
   at Microsoft.AspNetCore.Server.Kestrel.Core.Internal.Infrastructure.TransportManager.BindAsync(EndPoint endPoint, ConnectionDelegate connectionDelegate, EndpointConfig endpointConfig, CancellationToken cancellationToken)
   at Microsoft.AspNetCore.Server.Kestrel.Core.KestrelServerImpl.<>c__DisplayClass28_0`1.<<StartAsync>g__OnBind|0>d.MoveNext()
--- End of stack trace from previous location ---
   at Microsoft.AspNetCore.Server.Kestrel.Core.Internal.AddressBinder.BindEndpointAsync(ListenOptions endpoint, AddressBindContext context, CancellationToken cancellationToken)
   --- End of inner exception stack trace ---
   at Microsoft.AspNetCore.Server.Kestrel.Core.Internal.AddressBinder.BindEndpointAsync(ListenOptions endpoint, AddressBindContext context, CancellationToken cancellationToken)
   at Microsoft.AspNetCore.Server.Kestrel.Core.LocalhostListenOptions.BindAsync(AddressBindContext context, CancellationToken cancellationToken)
   at Microsoft.AspNetCore.Server.Kestrel.Core.Internal.AddressBinder.AddressesStrategy.BindAsync(AddressBindContext context, CancellationToken cancellationToken)
   at Microsoft.AspNetCore.Server.Kestrel.Core.Internal.AddressBinder.BindAsync(ListenOptions[] listenOptions, AddressBindContext context, Func`2 useHttps, CancellationToken cancellationToken)
   at Microsoft.AspNetCore.Server.Kestrel.Core.KestrelServerImpl.BindAsync(CancellationToken cancellationToken)
   at Microsoft.AspNetCore.Server.Kestrel.Core.KestrelServerImpl.StartAsync[TContext](IHttpApplication`1 application, CancellationToken cancellationToken)
   at Microsoft.AspNetCore.Hosting.GenericWebHostService.StartAsync(CancellationToken cancellationToken)
   at Microsoft.Extensions.Hosting.Internal.Host.<StartAsync>b__15_1(IHostedService service, CancellationToken token)
   at Microsoft.Extensions.Hosting.Internal.Host.ForeachService[T](IEnumerable`1 services, CancellationToken token, Boolean concurrent, Boolean abortOnFirstException, List`1 exceptions, Func`3 operation)
   at Microsoft.Extensions.Hosting.Internal.Host.StartAsync(CancellationToken cancellationToken)
   at WerkzeugMobil.App.OnStartup(StartupEventArgs e) in C:\Users\vicky\OneDrive\Dokumente\GitHub\WerkzeugMobil\WerkzeugMobil\App.xaml.cs:line 57
2025-06-29 21:05:48.346 +02:00 [INF] ℹ️ Projekte table already contains data. Skipping seeding.
2025-06-29 21:05:48.562 +02:00 [INF] ✅ Benutzer passwords checked and updated if necessary.
2025-06-29 21:05:48.578 +02:00 [INF] Werkzeuge or Tools already exist, skipping seeding.
2025-06-29 21:05:48.579 +02:00 [INF] ✅ Werkzeuge seeding completed.
