2025-06-19 07:47:11.828 +02:00 [INF] Werkzeuge or Tools already exist, skipping seeding.
2025-06-19 07:57:52.469 +02:00 [INF] Werkzeuge or Tools already exist, skipping seeding.
2025-06-19 08:03:28.338 +02:00 [INF] Werkzeuge or Tools already exist, skipping seeding.
2025-06-19 11:40:29.304 +02:00 [INF] Projekte seeded successfully.
2025-06-19 11:40:30.934 +02:00 [INF] Werkzeuge and Tools manually seeded successfully.
2025-06-19 11:51:11.632 +02:00 [INF] Werkzeuge or Tools already exist, skipping seeding.
2025-06-19 12:37:02.316 +02:00 [INF] Werkzeuge or Tools already exist, skipping seeding.
2025-06-19 12:50:46.382 +02:00 [INF] Werkzeuge or Tools already exist, skipping seeding.
2025-06-19 12:55:04.913 +02:00 [INF] Werkzeuge or Tools already exist, skipping seeding.
2025-06-19 12:58:59.263 +02:00 [INF] Werkzeuge or Tools already exist, skipping seeding.
2025-06-19 13:01:57.597 +02:00 [INF] Werkzeuge or Tools already exist, skipping seeding.
2025-06-19 13:06:19.202 +02:00 [INF] Werkzeuge or Tools already exist, skipping seeding.
2025-06-19 13:09:54.134 +02:00 [INF] Werkzeuge or Tools already exist, skipping seeding.
2025-06-19 13:14:42.560 +02:00 [INF] Werkzeuge or Tools already exist, skipping seeding.
2025-06-19 13:17:57.737 +02:00 [INF] Projekte seeded successfully.
2025-06-19 13:18:00.428 +02:00 [INF] Werkzeuge and Tools manually seeded successfully.
2025-06-19 13:53:51.734 +02:00 [INF] ✅ Projekte seeded successfully.
2025-06-19 13:53:54.477 +02:00 [INF] ✅ Benutzer (users) seeded successfully.
2025-06-19 13:53:55.075 +02:00 [INF] Werkzeuge and Tools manually seeded successfully.
2025-06-19 13:53:55.075 +02:00 [INF] ✅ Werkzeuge seeding completed.
2025-06-19 14:05:18.496 +02:00 [INF] ℹ️ Projekte table already contains data. Skipping seeding.
2025-06-19 14:05:18.875 +02:00 [INF] ✅ Benutzer passwords checked and updated if necessary.
2025-06-19 14:05:18.891 +02:00 [INF] Werkzeuge or Tools already exist, skipping seeding.
2025-06-19 14:05:18.891 +02:00 [INF] ✅ Werkzeuge seeding completed.
2025-06-19 14:07:49.781 +02:00 [INF] ℹ️ Projekte table already contains data. Skipping seeding.
2025-06-19 14:07:50.142 +02:00 [INF] ✅ Benutzer passwords checked and updated if necessary.
2025-06-19 14:07:50.164 +02:00 [INF] Werkzeuge or Tools already exist, skipping seeding.
2025-06-19 14:07:50.164 +02:00 [INF] ✅ Werkzeuge seeding completed.
2025-06-19 14:10:39.822 +02:00 [INF] ℹ️ Projekte table already contains data. Skipping seeding.
2025-06-19 14:10:40.244 +02:00 [INF] ✅ Benutzer passwords checked and updated if necessary.
2025-06-19 14:10:40.262 +02:00 [INF] Werkzeuge or Tools already exist, skipping seeding.
2025-06-19 14:10:40.262 +02:00 [INF] ✅ Werkzeuge seeding completed.
2025-06-19 14:13:58.048 +02:00 [INF] ℹ️ Projekte table already contains data. Skipping seeding.
2025-06-19 14:13:58.392 +02:00 [INF] ✅ Benutzer passwords checked and updated if necessary.
2025-06-19 14:13:58.407 +02:00 [INF] Werkzeuge or Tools already exist, skipping seeding.
2025-06-19 14:13:58.407 +02:00 [INF] ✅ Werkzeuge seeding completed.
2025-06-19 14:27:02.658 +02:00 [INF] ℹ️ Projekte table already contains data. Skipping seeding.
2025-06-19 14:27:02.994 +02:00 [INF] ✅ Benutzer passwords checked and updated if necessary.
2025-06-19 14:27:03.007 +02:00 [INF] Werkzeuge or Tools already exist, skipping seeding.
2025-06-19 14:27:03.007 +02:00 [INF] ✅ Werkzeuge seeding completed.
2025-06-19 14:38:39.754 +02:00 [INF] ℹ️ Projekte table already contains data. Skipping seeding.
2025-06-19 14:38:40.033 +02:00 [INF] ✅ Benutzer passwords checked and updated if necessary.
2025-06-19 14:38:40.045 +02:00 [INF] Werkzeuge or Tools already exist, skipping seeding.
2025-06-19 14:38:40.045 +02:00 [INF] ✅ Werkzeuge seeding completed.
2025-06-19 14:51:27.137 +02:00 [INF] ℹ️ Projekte table already contains data. Skipping seeding.
2025-06-19 14:51:27.786 +02:00 [INF] ✅ Benutzer passwords checked and updated if necessary.
2025-06-19 14:51:27.801 +02:00 [INF] Werkzeuge or Tools already exist, skipping seeding.
2025-06-19 14:51:27.801 +02:00 [INF] ✅ Werkzeuge seeding completed.
2025-06-19 14:55:57.410 +02:00 [INF] ℹ️ Projekte table already contains data. Skipping seeding.
2025-06-19 14:55:58.474 +02:00 [INF] ✅ Benutzer passwords checked and updated if necessary.
2025-06-19 14:55:58.488 +02:00 [INF] Werkzeuge or Tools already exist, skipping seeding.
2025-06-19 14:55:58.488 +02:00 [INF] ✅ Werkzeuge seeding completed.
2025-06-19 15:08:39.731 +02:00 [INF] ℹ️ Projekte table already contains data. Skipping seeding.
2025-06-19 15:08:40.048 +02:00 [INF] ✅ Benutzer passwords checked and updated if necessary.
2025-06-19 15:08:40.060 +02:00 [INF] Werkzeuge or Tools already exist, skipping seeding.
2025-06-19 15:08:40.060 +02:00 [INF] ✅ Werkzeuge seeding completed.
2025-06-19 15:30:50.196 +02:00 [INF] ℹ️ Projekte table already contains data. Skipping seeding.
2025-06-19 15:30:51.584 +02:00 [INF] ✅ Benutzer passwords checked and updated if necessary.
2025-06-19 15:30:51.618 +02:00 [INF] Werkzeuge or Tools already exist, skipping seeding.
2025-06-19 15:30:51.619 +02:00 [INF] ✅ Werkzeuge seeding completed.
2025-06-19 22:26:28.591 +02:00 [INF] ℹ️ Projekte table already contains data. Skipping seeding.
2025-06-19 22:26:28.855 +02:00 [INF] ✅ Benutzer passwords checked and updated if necessary.
2025-06-19 22:26:28.862 +02:00 [INF] Werkzeuge or Tools already exist, skipping seeding.
2025-06-19 22:26:28.862 +02:00 [INF] ✅ Werkzeuge seeding completed.
2025-06-19 22:29:25.514 +02:00 [INF] ℹ️ Projekte table already contains data. Skipping seeding.
2025-06-19 22:29:25.899 +02:00 [INF] ✅ Benutzer passwords checked and updated if necessary.
2025-06-19 22:29:25.910 +02:00 [INF] Werkzeuge or Tools already exist, skipping seeding.
2025-06-19 22:29:25.910 +02:00 [INF] ✅ Werkzeuge seeding completed.
